"ukokkeiis working"
"designis working"
"ukokkeiis working"
"designis working"
"ukokkeiis working"
"designis working"
"ukokkeiis working"
"designis working"
"ukokkeiis working"
"designis working"
"ukokkeiis working"
"designis working"
"ukokkeiis working"
"designis working"
"ukokkeiis working"
"designis working"
"ukokkeiis working"
"designis working"
"ukokkeiis working"
"designis working"
"ukokkeiis working"
"designis working"
"ukokkeiis working"
"designis working"
"ukokkeiis working"
#<ChatWork::Message:0x007f9698eba718 @id=1258237104, @account_id=1024380, @account_name="\u5927\u585A\u5EB7\u5E73", @body="[To:647841] TEMONA \u592A\u7530\u4F73\u5B8F\u3055\u3093\n\u592A\u7530\u3055\u3093\u30C6\u30B9\u30C8\u3057\u305F\u3044\u306E\u3067\n1. to\u3067\u307C\u304F\u306B\u4E0B\u8A18\u6587\u8A00\u3067chat\n2. to\u306A\u3057\u3067\u50D5\u306B\u66F8\u304D\u6587\u8A00\u3067chat\u3057\u3066\u307F\u3066\u304F\u3060\u3055\u3044\n\n[code]\nreply topic 254\n\n\u308F\u305F\u3057\u3001\u592A\u7530\u306F\u5909\u614B\u91CE\u90CE\u3067\u3059\n[/code]", @to={:ids=>[647841], :names=>["\u592A\u7530\u4F73\u5B8F"]}>
#<ChatWork::Message:0x007f9698eba010 @id=1258238496, @account_id=647841, @account_name="\u592A\u7530\u4F73\u5B8F", @body="[To:1024380] TEMONA \u5927\u585A \u5EB7\u5E73(Kohei Otsuka)\u3055\u3093\n\nreply topic 254\n\n\u308F\u305F\u3057\u3001\u592A\u7530\u306F\u5909\u614B\u91CE\u90CE\u3067\u3059", @to={:ids=>[1024380], :names=>["\u5927\u585A\u5EB7\u5E73"]}>
#<ChatWork::Message:0x007f9698eb99a8 @id=1258238618, @account_id=647841, @account_name="\u592A\u7530\u4F73\u5B8F", @body="reply topic 254\n\n\u308F\u305F\u3057\u3001\u592A\u7530\u306F\u5909\u614B\u91CE\u90CE\u3067\u3059", @to={:ids=>[], :names=>[]}>
"false"
"false"
"false"
"designis working"
"ukokkeiis working"
"designis working"
"ukokkeiis working"
#<ChatWork::Message:0x007fe399b84820 @id=1258243643, @account_id=647841, @account_name="\u592A\u7530\u4F73\u5B8F", @body="reply topic 254\n\n\u3053\u3093\u306B\u3061\u306F\u3002", @to={:ids=>[], :names=>[]}>
#<ChatWork::Message:0x007fe399b84258 @id=1258244883, @account_id=647841, @account_name="\u592A\u7530\u4F73\u5B8F", @body="[To:1024380] TEMONA \u5927\u585A \u5EB7\u5E73(Kohei Otsuka)\u3055\u3093\nreply topic 254\n\n\u3053\u3093\u306B\u3061\u306F\u3002", @to={:ids=>[1024380], :names=>["\u5927\u585A\u5EB7\u5E73"]}>
"false"
"false"
"designis working"
"ukokkeiis working"
#<ChatWork::Message:0x007fbc80b417e0 @id=1258246317, @account_id=1024380, @account_name="\u5927\u585A\u5EB7\u5E73", @body="reply topic 1000\n\n\u3046\u3093\u3053", @to={:ids=>[], :names=>[]}>
"true"
"\u8AB2\u984C\u88681000\u306F\u672A\u4F5C\u6210\u304B\u3001\u30D0\u30C3\u30C1\u304C\u307E\u3060\u52D5\u3044\u3066\u307E\u305B\u3093\u3002"
{:body=>"\u8AB2\u984C\u88681000\u306F\u672A\u4F5C\u6210\u304B\u3001\u30D0\u30C3\u30C1\u304C\u307E\u3060\u52D5\u3044\u3066\u307E\u305B\u3093\u3002"}
{:message_id=>1258248810}
"designis working"
"ukokkeiis working"
#<ChatWork::Message:0x007fa08a325000 @id=1258249046, @account_id=647841, @account_name="\u592A\u7530\u4F73\u5B8F", @body="reply topic 1050\n\n\u3046\u3093\u3061\u3002", @to={:ids=>[], :names=>[]}>
"true"
"\u8AB2\u984C\u88681050\u306F\u672A\u4F5C\u6210\u304B\u3001\u30D0\u30C3\u30C1\u304C\u307E\u3060\u52D5\u3044\u3066\u307E\u305B\u3093\u3002"
{:body=>"\u8AB2\u984C\u88681050\u306F\u672A\u4F5C\u6210\u304B\u3001\u30D0\u30C3\u30C1\u304C\u307E\u3060\u52D5\u3044\u3066\u307E\u305B\u3093\u3002"}
{:message_id=>1258251738}
"designis working"
"ukokkeiis working"
"designis working"
"ukokkeiis working"
#<ChatWork::Message:0x007fb763bbdb50 @id=1258254825, @account_id=647841, @account_name="\u592A\u7530\u4F73\u5B8F", @body="reply topic 999\n\n\u3042\u3044\u3046\u3048\u304A\u3002", @to={:ids=>[], :names=>[]}>
"true"
"\u8AB2\u984C\u8868999\u306F\u672A\u4F5C\u6210\u304B\u3001\u30D0\u30C3\u30C1\u304C\u307E\u3060\u52D5\u3044\u3066\u307E\u305B\u3093\u3002"
{:body=>"\u8AB2\u984C\u8868999\u306F\u672A\u4F5C\u6210\u304B\u3001\u30D0\u30C3\u30C1\u304C\u307E\u3060\u52D5\u3044\u3066\u307E\u305B\u3093\u3002"}
{:message_id=>1258257683}
"designis working"
"ukokkeiis working"
"designis working"
"ukokkeiis working"
"designis working"
"ukokkeiis working"
"designis working"
"ukokkeiis working"
"designis working"
"ukokkeiis working"
"designis working"
"ukokkeiis working"
"designis working"
"ukokkeiis working"
"designis working"
"ukokkeiis working"
"designis working"
"ukokkeiis working"
"designis working"
"ukokkeiis working"
"designis working"
"ukokkeiis working"
"designis working"
"ukokkeiis working"
"designis working"
"ukokkeiis working"
"designis working"
"ukokkeiis working"
"designis working"
"ukokkeiis working"
"designis working"
"ukokkeiis working"
"designis working"
"ukokkeiis working"
"designis working"
"ukokkeiis working"
"designis working"
"ukokkeiis working"
"designis working"
"ukokkeiis working"
"designis working"
"ukokkeiis working"
1111111111111111111111111111111111111111111111111111111
"[To:647841] TEMONA \u592A\u7530\u4F73\u5B8F\u3055\u3093\n[To:799884] TEMONA \u79E6\u548C\u5E73\u3055\u3093\n\n\u672C\u756A\u30C6\u30B9\u30C8\nnew topic\n\u8AB2\u984C\u304C\u592A\u7530\u3055\u3093\u306B\u3057\u304B\u8FFD\u52A0\u3055\u308C\u306A\u3044\u306A..\u592A\u7530\u3055\u3093\u3059\u3044\u307E\u305B\u3093\u3059\u3050\u5B8C\u4E86\u306B\u3057\u3066\u304F\u3060\u3055\u3044\u3002"
["To:647841]", "To:799884]"]
[647841, 799884]
1111111111111111111111111111111111111111111111111111111
"[info][title][dtext:task_done][/title][task aid=647841 st=done lt=1465570799]\u8AB2\u984C\u8868225\u306B\u56DE\u7B54\nhttps://docs.google.com/spreadsheets/d/1SwxEyCgQc2EvC_OlmA8OYnfdZ0WaHtqPsEqWGcEkmMw/edit#gid=847570313[/task][/info]"
[]
[]
1111111111111111111111111111111111111
[647841, 799884]
"designis working"
"ukokkeiis working"
1111111111111111111111111111111111111111111111111111111
"[info][title][dtext:task_added][/title][task aid=799884 st=open lt=1465570799]\u8AB2\u984C\u8868224\u306B\u56DE\u7B54\nhttps://docs.google.com/spreadsheets/d/1SwxEyCgQc2EvC_OlmA8OYnfdZ0WaHtqPsEqWGcEkmMw/edit#gid=847570313[/task][/info]"
[]
[]
"designis working"
"ukokkeiis working"
"designis working"
"ukokkeiis working"
"designis working"
"ukokkeiis working"
"designis working"
"ukokkeiis working"
"designis working"
"ukokkeiis working"
1111111111111111111111111111111111111111111111111111111
"[info][title][dtext:task_edited][/title][task aid=1419849 st=open lt=1465570799]\u3010\u629C\u3051\u3066\u3044\u308B\u9805\u76EE\u3011\n\u4E0B\u8A18\u3068\u306A\u308A\u307E\u3059\u3002\u3088\u308D\u3057\u304F\u304A\u9858\u3044\u3044\u305F\u3057\u307E\u3059\u3002\n\n\u25A0\u697D\u5929\u53D7\u6CE8\u30E1\u30FC\u30EB\u81EA\u52D5\u53D6\u8FBC\u6A5F\u80FD\n(\u697D\u5929\u30E1\u30FC\u30EB\u53D6\u8FBC\u306F\u6A5F\u80FD\u7684\u306B\u3082\u3046NG\u3089\u3057\u3044\u3067\u3059\u3002\u3002\uFF08\u9752\u67F3\u3055\u3093\u60C5\u5831\uFF09)\n\u25A0\u96FB\u8133\u5378(stmx)\u53D7\u6CE8\u30C7\u30FC\u30BF\u4E00\u62EC\u53D6\u308A\u8FBC\u307F\u6A5F\u80FD\n(\u5FC5\u8981\u306A\u3044\u306E\u3067\u306F)\n\u25A0\u4EE3\u7406\u5E97\u6A5F\u80FD\u3000\n\u25A0\u305F\u307E\u3054LP\u30D5\u30A9\u30FC\u30E0\n\u25A0\u30D6\u30EC\u30A4\u30F3\u30A8\u30F3\u30B8\u30F3(\u672A\u9054\u9632\u6B62)\n\n===============================\n\n\u25A0\u4ED6\u793E\u9023\u643A\u306E\u30AA\u30D7\u30B7\u30E7\u30F3(\u305F\u307E\u3054LP)\u306A\u3069\u306E\u6709\u511F\u30AA\u30D7\u30B7\u30E7\u30F3\u306E\u5BFE\u5FDC\u304C\u6F0F\u308C\u3066\u306A\u3044\u304B\u306E\u78BA\u8A8D\n\n\u30DB\u30FC\u30E0\u30DA\u30FC\u30B8\u304B\u3089\u78BA\u8A8D\n\u30E6\u30FC\u30B9\u30B1\u30FC\u30B9\u304B\u3089\u78BA\u8A8D\n\u7D4C\u7406\u60C5\u5831\u304B\u3089\u78BA\u8A8D[/task][/info]"
[]
[]
"designis working"
"ukokkeiis working"
"designis working"
"ukokkeiis working"
"designis working"
"ukokkeiis working"
"designis working"
"ukokkeiis working"
1111111111111111111111111111111111111111111111111111111
"[info][title][dtext:task_added][/title][task aid=799884 st=open lt=1465570799]test[/task][/info]"
[]
[]
"designis working"
"ukokkeiis working"
"designis working"
"ukokkeiis working"
"designis working"
"ukokkeiis working"
"designis working"
"ukokkeiis working"
"designis working"
"ukokkeiis working"
"designis working"
"ukokkeiis working"
"designis working"
"ukokkeiis working"
#<ChatWork::Message:0x007f88023f11a0 @id=1258370049, @account_id=1024380, @account_name="\u5927\u585A\u5EB7\u5E73", @body="[To:799884] TEMONA \u79E6\u548C\u5E73\u3055\u3093\n\u3053\u308C\u3067\u8FD4\u4FE1\u3067\u304D\u307E\u3059\u3002\n\nreply topic 255\n\n\u3084\u3063\u305F\u30FC\u30FC\u30FC", @to={:ids=>[799884], :names=>["\u79E6\u548C\u5E73"]}>
"true"
"[To:799884]\u8AB2\u984C\u8868255\u306F\u672A\u4F5C\u6210\u304B\u3001\u30D0\u30C3\u30C1\u304C\u307E\u3060\u52D5\u3044\u3066\u307E\u305B\u3093\u3002"
{:body=>"[To:799884]\u8AB2\u984C\u8868255\u306F\u672A\u4F5C\u6210\u304B\u3001\u30D0\u30C3\u30C1\u304C\u307E\u3060\u52D5\u3044\u3066\u307E\u305B\u3093\u3002"}
{:message_id=>1258372715}
"designis working"
"ukokkeiis working"
"designis working"
"ukokkeiis working"
#<ChatWork::Message:0x007fd5a16b8f40 @id=1258376092, @account_id=1024380, @account_name="\u5927\u585A\u5EB7\u5E73", @body="reply topic 255\n\n\u305D\u3093\u306A\u306F\u305A\u306F\u306A\u3044", @to={:ids=>[], :names=>[]}>
"true"
"\u8AB2\u984C\u8868255\u306F\u672A\u4F5C\u6210\u304B\u3001\u30D0\u30C3\u30C1\u304C\u307E\u3060\u52D5\u3044\u3066\u307E\u305B\u3093\u3002"
{:body=>"\u8AB2\u984C\u8868255\u306F\u672A\u4F5C\u6210\u304B\u3001\u30D0\u30C3\u30C1\u304C\u307E\u3060\u52D5\u3044\u3066\u307E\u305B\u3093\u3002"}
{:message_id=>1258379328}
"designis working"
"ukokkeiis working"
"designis working"
"ukokkeiis working"
"designis working"
"ukokkeiis working"
"designis working"
"ukokkeiis working"
"designis working"
"ukokkeiis working"
"designis working"
"ukokkeiis working"
"designis working"
"ukokkeiis working"
"designis working"
"ukokkeiis working"
"designis working"
"ukokkeiis working"
"designis working"
"ukokkeiis working"
"designis working"
"ukokkeiis working"
"designis working"
"ukokkeiis working"
"designis working"
"ukokkeiis working"
"designis working"
"ukokkeiis working"
"designis working"
"ukokkeiis working"
"designis working"
"ukokkeiis working"
"designis working"
"ukokkeiis working"
"designis working"
"ukokkeiis working"
"designis working"
"ukokkeiis working"
"designis working"
"ukokkeiis working"
"designis working"
"ukokkeiis working"
"designis working"
"ukokkeiis working"
"designis working"
"ukokkeiis working"
"designis working"
"ukokkeiis working"
"designis working"
"ukokkeiis working"
"designis working"
"ukokkeiis working"
"designis working"
"ukokkeiis working"
"designis working"
"ukokkeiis working"
"designis working"
"ukokkeiis working"
"designis working"
"ukokkeiis working"
"designis working"
"ukokkeiis working"
"designis working"
"ukokkeiis working"
"designis working"
"ukokkeiis working"
"designis working"
"ukokkeiis working"
"designis working"
"ukokkeiis working"
"designis working"
"ukokkeiis working"
"designis working"
"ukokkeiis working"
#<ChatWork::Message:0x007ff7f2389b58 @id=1258488237, @account_id=1024380, @account_name="\u5927\u585A\u5EB7\u5E73", @body="reply topic 1000", @to={:ids=>[], :names=>[]}>
{:body=>"[To:1024380\u8AB2\u984C\u88681000\u306F\u672A\u4F5C\u6210\u304B\u3001\u30D0\u30C3\u30C1\u304C\u307E\u3060\u52D5\u3044\u3066\u307E\u305B\u3093\u3002"}
"designis working"
"ukokkeiis working"
#<ChatWork::Message:0x007fcbdbd5c998 @id=1258492511, @account_id=1024380, @account_name="\u5927\u585A\u5EB7\u5E73", @body="reply topic 1000", @to={:ids=>[], :names=>[]}>
{:body=>"[To:1024380]\n\u8AB2\u984C\u88681000\u306F\u672A\u4F5C\u6210\u304B\u3001\u30D0\u30C3\u30C1\u304C\u307E\u3060\u52D5\u3044\u3066\u307E\u305B\u3093\u3002"}
"designis working"
"ukokkeiis working"
"designis working"
"ukokkeiis working"
#<ChatWork::Message:0x007fbd354013a8 @id=1258496366, @account_id=1024380, @account_name="\u5927\u585A\u5EB7\u5E73", @body="reply topic 255\n\n\u4E00\u62EC\u7DE8\u96C6\u3068\u3044\u3046\u3088\u308A\u3082\u3001\u30C6\u30F3\u30D7\u30EC\u30FC\u30C8\u6A5F\u80FD\u304C\u3042\u308C\u3070\u3044\u3044\u3068\u601D\u3046\u3002", @to={:ids=>[], :names=>[]}>
{:body=>"[To:1024380]\n\u8AB2\u984C\u8868255\u306F\u672A\u4F5C\u6210\u304B\u3001\u30D0\u30C3\u30C1\u304C\u307E\u3060\u52D5\u3044\u3066\u307E\u305B\u3093\u3002"}
"designis working"
"ukokkeiis working"
#<ChatWork::Message:0x007fc5228615e8 @id=1258499636, @account_id=1024380, @account_name="\u5927\u585A\u5EB7\u5E73", @body="reply topic 225\n\n\u4E00\u62EC\u7DE8\u96C6\u3068\u3044\u3046\u3088\u308A\u3082\u3001\u30C6\u30F3\u30D7\u30EC\u30FC\u30C8\u6A5F\u80FD\u304C\u3042\u308C\u3070\u3044\u3044\u3068\u601D\u3046\u3002", @to={:ids=>[], :names=>[]}>
"designis working"
"ukokkeiis working"
"designis working"
"ukokkeiis working"
"designis working"
"ukokkeiis working"
"designis working"
"ukokkeiis working"
"designis working"
"ukokkeiis working"
"designis working"
"ukokkeiis working"
"designis working"
"ukokkeiis working"
"designis working"
"ukokkeiis working"
"designis working"
"ukokkeiis working"
"designis working"
"ukokkeiis working"
"designis working"
"ukokkeiis working"
"designis working"
"ukokkeiis working"
"designis working"
"ukokkeiis working"
"designis working"
"ukokkeiis working"
"designis working"
"ukokkeiis working"
"designis working"
"ukokkeiis working"
"designis working"
"ukokkeiis working"
"designis working"
"ukokkeiis working"
"designis working"
"ukokkeiis working"
"designis working"
"ukokkeiis working"
"designis working"
"ukokkeiis working"
#<ChatWork::Message:0x007f98f21250b0 @id=1258767539, @account_id=1024380, @account_name="\u5927\u585A\u5EB7\u5E73", @body="reply topic 225\n\n\u4E00\u62EC\u7DE8\u96C6\u3068\u3044\u3046\u3088\u308A\u3082\u3001\u30C6\u30F3\u30D7\u30EC\u30FC\u30C8\u6A5F\u80FD\u304C\u3042\u308C\u3070\u3044\u3044\u3068\u601D\u3046\u3002", @to={:ids=>[], :names=>[]}>
"ukokkeiis working"
"designis working"
"ukokkeiis working"
#<ChatWork::Message:0x007ff410c91240 @id=1258774003, @account_id=1024380, @account_name="\u5927\u585A\u5EB7\u5E73", @body="reply topic 225\n\n\u4E00\u62EC\u7DE8\u96C6\u3068\u3044\u3046\u3088\u308A\u3082\u3001\u30C6\u30F3\u30D7\u30EC\u30FC\u30C8\u6A5F\u80FD\u304C\u3042\u308C\u3070\u3044\u3044\u3068\u601D\u3046", @to={:ids=>[], :names=>[]}>
"ukokkeiis working"
#<ChatWork::Message:0x007f991466d2d0 @id=1258776753, @account_id=1024380, @account_name="\u5927\u585A\u5EB7\u5E73", @body="reply topic 225\n\n\u4E00\u62EC\u7DE8\u96C6\u3068\u3044\u3046\u3088\u308A\u3082\u3001\u30C6\u30F3\u30D7\u30EC\u30FC\u30C8\u6A5F\u80FD\u304C\u3042\u308C\u3070\u3044\u3044\u3068\u601D\u3046", @to={:ids=>[], :names=>[]}>
#<GoogleDrive::ListRow {"No"=>"226", "\u8A18\u5165\u65E5"=>"", "\u8A18\u5165\u8005"=>"", "\u7A2E\u5225"=>"", "\u30AB\u30C6\u30B4\u30EA"=>"", "\u5185\u5BB9"=>"", "\u8A72\u5F53\u30D5\u30A1\u30A4\u30EB\u540D"=>"", "\u30DA\u30FC\u30B8\u30FB\u753B\u9762\u540D"=>"", "\u62C5\u5F53"=>"", "\u5E0C\u671B\u671F\u9650"=>"", "\u56DE\u7B54\u5185\u5BB9"=>"", "\u5099\u8003"=>"", "\u5B8C\u4E86\u65E5"=>"", "\u30B9\u30C6\u30FC\u30BF\u30B9"=>"", ""=>"", "\u753B\u50CF\uFF11"=>"", "\u753B\u50CF\uFF12"=>""}>
"ukokkeiis working"
"designis working"
"ukokkeiis working"
"designis working"
"ukokkeiis working"
#<ChatWork::Message:0x007f8c03875398 @id=1258785510, @account_id=1024380, @account_name="\u5927\u585A\u5EB7\u5E73", @body="reply topic 225\n\n\u4E00\u62EC\u7DE8\u96C6\u3068\u3044\u3046\u3088\u308A\u3082\u3001\u30C6\u30F3\u30D7\u30EC\u30FC\u30C8\u6A5F\u80FD\u304C\u3042\u308C\u3070\u3044\u3044\u3068\u601D\u3046", @to={:ids=>[], :names=>[]}>
1111111111111111111111111111
#<GoogleDrive::ListRow {"No"=>"226", "\u8A18\u5165\u65E5"=>"", "\u8A18\u5165\u8005"=>"", "\u7A2E\u5225"=>"", "\u30AB\u30C6\u30B4\u30EA"=>"", "\u5185\u5BB9"=>"", "\u8A72\u5F53\u30D5\u30A1\u30A4\u30EB\u540D"=>"", "\u30DA\u30FC\u30B8\u30FB\u753B\u9762\u540D"=>"", "\u62C5\u5F53"=>"", "\u5E0C\u671B\u671F\u9650"=>"", "\u56DE\u7B54\u5185\u5BB9"=>"", "\u5099\u8003"=>"", "\u5B8C\u4E86\u65E5"=>"", "\u30B9\u30C6\u30FC\u30BF\u30B9"=>"", ""=>"", "\u753B\u50CF\uFF11"=>"", "\u753B\u50CF\uFF12"=>""}>
#<ChatWork::Message:0x007f8c03875398 @id=1258785510, @account_id=1024380, @account_name="\u5927\u585A\u5EB7\u5E73", @body="\u4E00\u62EC\u7DE8\u96C6\u3068\u3044\u3046\u3088\u308A\u3082\u3001\u30C6\u30F3\u30D7\u30EC\u30FC\u30C8\u6A5F\u80FD\u304C\u3042\u308C\u3070\u3044\u3044\u3068\u601D\u3046", @to={:ids=>[], :names=>[]}, @topic_number=225>
"ukokkeiis working"
"designis working"
"ukokkeiis working"
#<ChatWork::Message:0x007f977d8dd210 @id=1258793188, @account_id=1024380, @account_name="\u5927\u585A\u5EB7\u5E73", @body="reply topic 225\n\n\u4E00\u62EC\u7DE8\u96C6\u3068\u3044\u3046\u3088\u308A\u3082\u3001\u30C6\u30F3\u30D7\u30EC\u30FC\u30C8\u6A5F\u80FD\u304C\u3042\u308C\u3070\u3044\u3044\u3068\u601D\u3046", @to={:ids=>[], :names=>[]}>
1111111111111111111111111111
"ukokkeiis working"
#<ChatWork::Message:0x007fdba27692f8 @id=1258797321, @account_id=1024380, @account_name="\u5927\u585A\u5EB7\u5E73", @body="reply topic 225\n\n\u4E00\u62EC\u7DE8\u96C6\u3068\u3044\u3046\u3088\u308A\u3082\u3001\u30C6\u30F3\u30D7\u30EC\u30FC\u30C8\u6A5F\u80FD\u304C\u3042\u308C\u3070\u3044\u3044\u3068\u601D\u3046", @to={:ids=>[], :names=>[]}>
1111111111111111111111111111
#<GoogleDrive::ListRow {"No"=>"226", "\u8A18\u5165\u65E5"=>"", "\u8A18\u5165\u8005"=>"", "\u7A2E\u5225"=>"", "\u30AB\u30C6\u30B4\u30EA"=>"", "\u5185\u5BB9"=>"", "\u8A72\u5F53\u30D5\u30A1\u30A4\u30EB\u540D"=>"", "\u30DA\u30FC\u30B8\u30FB\u753B\u9762\u540D"=>"", "\u62C5\u5F53"=>"", "\u5E0C\u671B\u671F\u9650"=>"", "\u56DE\u7B54\u5185\u5BB9"=>"", "\u5099\u8003"=>"", "\u5B8C\u4E86\u65E5"=>"", "\u30B9\u30C6\u30FC\u30BF\u30B9"=>"", ""=>"", "\u753B\u50CF\uFF11"=>"", "\u753B\u50CF\uFF12"=>""}>
#<ChatWork::Message:0x007fdba27692f8 @id=1258797321, @account_id=1024380, @account_name="\u5927\u585A\u5EB7\u5E73", @body="\u4E00\u62EC\u7DE8\u96C6\u3068\u3044\u3046\u3088\u308A\u3082\u3001\u30C6\u30F3\u30D7\u30EC\u30FC\u30C8\u6A5F\u80FD\u304C\u3042\u308C\u3070\u3044\u3044\u3068\u601D\u3046", @to={:ids=>[], :names=>[]}, @topic_number=225>
"designis working"
"ukokkeiis working"
"designis working"
"ukokkeiis working"
"designis working"
"2016-06-10 13:28:02 +0700"
"ukokkeiis working"
#<ChatWork::Message:0x007f8179c61568 @id=1258806971, @account_id=1024380, @account_name="\u5927\u585A\u5EB7\u5E73", @body="reply topic 225\n\n\u4E00\u62EC\u7DE8\u96C6\u3068\u3044\u3046\u3088\u308A\u3082\u3001\u30C6\u30F3\u30D7\u30EC\u30FC\u30C8\u6A5F\u80FD\u304C\u3042\u308C\u3070\u3044\u3044\u3068\u601D\u3046\n13:19", @to={:ids=>[], :names=>[]}>
"2016-06-10 13:28:08 +0700"
"designis working"
"2016-06-10 13:29:02 +0700"
"ukokkeiis working"
#<ChatWork::Message:0x007f8a1433d380 @id=1258827811, @account_id=1024380, @account_name="\u5927\u585A\u5EB7\u5E73", @body="reply topic 225\n\ninsert 2", @to={:ids=>[], :names=>[]}>
#<ChatWork::Message:0x007f8a1433d060 @id=1258828179, @account_id=1024380, @account_name="\u5927\u585A\u5EB7\u5E73", @body="reply topic 225\n\ninsert 3", @to={:ids=>[], :names=>[]}>
"2016-06-10 13:29:09 +0700"
"designis working"
"2016-06-10 13:30:02 +0700"
"ukokkeiis working"
#<ChatWork::Message:0x007fd1cbaccea8 @id=1258830870, @account_id=1024380, @account_name="\u5927\u585A\u5EB7\u5E73", @body="reply topic226\n\ninsert 3", @to={:ids=>[], :names=>[]}>
#<NoMethodError: undefined method `first' for nil:NilClass>
"2016-06-10 13:30:07 +0700"
"designis working"
"2016-06-10 13:31:01 +0700"
"ukokkeiis working"
"2016-06-10 13:31:13 +0700"
"designis working"
"2016-06-10 13:32:01 +0700"
"ukokkeiis working"
#<ChatWork::Message:0x007fb5e4341088 @id=1258837038, @account_id=1024380, @account_name="\u5927\u585A\u5EB7\u5E73", @body="reply topic226\n\ninsert 3", @to={:ids=>[], :names=>[]}>
{:body=>"[To:1024380]\n\u8AB2\u984C\u8868226\u306F\u672A\u4F5C\u6210\u304B\u3001\u30D0\u30C3\u30C1\u304C\u307E\u3060\u52D5\u3044\u3066\u307E\u305B\u3093\u3002"}
"2016-06-10 13:32:16 +0700"
"designis working"
"2016-06-10 13:33:02 +0700"
"ukokkeiis working"
#<ChatWork::Message:0x007fcb4ae197a0 @id=1258841341, @account_id=1024380, @account_name="\u5927\u585A\u5EB7\u5E73", @body="reply topic 225\n\ninsert 4", @to={:ids=>[], :names=>[]}>
"2016-06-10 13:33:11 +0700"
"designis working"
"2016-06-10 13:34:02 +0700"
"ukokkeiis working"
#<ChatWork::Message:0x007fb4e0e291d0 @id=1258845213, @account_id=1024380, @account_name="\u5927\u585A\u5EB7\u5E73", @body="reply topic223\n\ntest insert", @to={:ids=>[], :names=>[]}>
"2016-06-10 13:34:10 +0700"
"designis working"
"2016-06-10 13:35:01 +0700"
"ukokkeiis working"
"2016-06-10 13:35:09 +0700"
"designis working"
"2016-06-10 13:36:01 +0700"
"ukokkeiis working"
"2016-06-10 13:36:14 +0700"
"designis working"
"2016-06-10 13:37:02 +0700"
"ukokkeiis working"
"2016-06-10 13:37:09 +0700"
"designis working"
"2016-06-10 13:38:01 +0700"
"ukokkeiis working"
"2016-06-10 13:38:19 +0700"
"designis working"
"2016-06-10 13:39:01 +0700"
"ukokkeiis working"
"2016-06-10 13:39:07 +0700"
"designis working"
"2016-06-10 13:40:01 +0700"
"ukokkeiis working"
"2016-06-10 13:40:09 +0700"
"designis working"
"2016-06-10 13:41:01 +0700"
"ukokkeiis working"
"2016-06-10 13:41:09 +0700"
"designis working"
"2016-06-10 13:42:01 +0700"
"ukokkeiis working"
"2016-06-10 13:42:08 +0700"
"designis working"
"2016-06-10 13:43:02 +0700"
"ukokkeiis working"
"2016-06-10 13:43:11 +0700"
"designis working"
"2016-06-10 13:44:01 +0700"
"ukokkeiis working"
"2016-06-10 13:44:08 +0700"
"designis working"
"2016-06-10 13:45:01 +0700"
"ukokkeiis working"
"2016-06-10 13:45:08 +0700"
"designis working"
"2016-06-10 13:46:01 +0700"
"ukokkeiis working"
"2016-06-10 13:46:08 +0700"
"designis working"
"2016-06-10 13:47:01 +0700"
"ukokkeiis working"
"2016-06-10 13:47:07 +0700"
"designis working"
"2016-06-10 13:48:01 +0700"
"ukokkeiis working"
"2016-06-10 13:48:09 +0700"
"designis working"
"2016-06-10 13:49:01 +0700"
"ukokkeiis working"
"2016-06-10 13:49:09 +0700"
"designis working"
"2016-06-10 13:50:01 +0700"
"ukokkeiis working"
"2016-06-10 13:50:07 +0700"
"designis working"
"2016-06-10 13:51:01 +0700"
"ukokkeiis working"
"2016-06-10 13:51:06 +0700"
"designis working"
#<ChatWork::Message:0x007fb0410151f0 @id=1258903996, @account_id=1024380, @account_name="\u5927\u585A\u5EB7\u5E73", @body="[To:1843835] TEMONA \u5185\u6D77\u4FC2\u6CBB\u3055\u3093\n\nreply topic 227\n\u305D\u3093\u306A\u611F\u3058\u3067\u3059", @to={:ids=>[1843835], :names=>["\u5185\u6D77\u4FC2\u6CBB"]}>
{:body=>"[To:1024380]\n\u8AB2\u984C\u8868227\u306F\u672A\u4F5C\u6210\u304B\u3001\u30D0\u30C3\u30C1\u304C\u307E\u3060\u52D5\u3044\u3066\u307E\u305B\u3093\u3002"}
"2016-06-10 13:52:01 +0700"
"ukokkeiis working"
"2016-06-10 13:52:06 +0700"
"designis working"
"2016-06-10 13:53:01 +0700"
"ukokkeiis working"
"2016-06-10 13:53:10 +0700"
"designis working"
"2016-06-10 13:54:01 +0700"
"ukokkeiis working"
"2016-06-10 13:54:08 +0700"
"designis working"
"2016-06-10 13:55:01 +0700"
"ukokkeiis working"
"2016-06-10 13:55:09 +0700"
"designis working"
"2016-06-10 13:56:01 +0700"
"ukokkeiis working"
"2016-06-10 13:56:09 +0700"
"designis working"
"2016-06-10 13:57:01 +0700"
"ukokkeiis working"
"2016-06-10 13:57:08 +0700"
"designis working"
"2016-06-10 13:58:01 +0700"
"ukokkeiis working"
"2016-06-10 13:58:09 +0700"
"designis working"
"2016-06-10 13:59:01 +0700"
"ukokkeiis working"
"2016-06-10 13:59:07 +0700"
"designis working"
"2016-06-10 14:00:01 +0700"
"ukokkeiis working"
"2016-06-10 14:00:07 +0700"
"designis working"
"2016-06-10 14:01:01 +0700"
"ukokkeiis working"
"2016-06-10 14:01:09 +0700"
"designis working"
"2016-06-10 14:02:01 +0700"
"ukokkeiis working"
"2016-06-10 14:02:07 +0700"
"designis working"
"2016-06-10 14:03:01 +0700"
"ukokkeiis working"
"2016-06-10 14:03:07 +0700"
"designis working"
"2016-06-10 14:04:02 +0700"
"ukokkeiis working"
"2016-06-10 14:04:10 +0700"
"designis working"
"2016-06-10 14:05:01 +0700"
"ukokkeiis working"
"2016-06-10 14:05:09 +0700"
"designis working"
"2016-06-10 14:06:01 +0700"
"ukokkeiis working"
"2016-06-10 14:06:08 +0700"
"designis working"
"2016-06-10 14:07:02 +0700"
"ukokkeiis working"
"2016-06-10 14:07:13 +0700"
"designis working"
"2016-06-10 14:08:01 +0700"
"ukokkeiis working"
"2016-06-10 14:08:15 +0700"
"designis working"
"2016-06-10 14:09:01 +0700"
"ukokkeiis working"
"2016-06-10 14:09:12 +0700"
"designis working"
"2016-06-10 14:10:01 +0700"
"ukokkeiis working"
"2016-06-10 14:10:08 +0700"
"designis working"
"2016-06-10 14:11:01 +0700"
"ukokkeiis working"
"2016-06-10 14:11:07 +0700"
"designis working"
"2016-06-10 14:12:01 +0700"
"ukokkeiis working"
"2016-06-10 14:12:09 +0700"
"designis working"
"2016-06-10 14:13:02 +0700"
"ukokkeiis working"
"2016-06-10 14:13:09 +0700"
"designis working"
"2016-06-10 14:14:01 +0700"
"ukokkeiis working"
"2016-06-10 14:14:08 +0700"
"designis working"
"2016-06-10 14:15:01 +0700"
"ukokkeiis working"
"2016-06-10 14:15:07 +0700"
"designis working"
"2016-06-10 14:16:01 +0700"
"ukokkeiis working"
"2016-06-10 14:16:07 +0700"
"designis working"
"2016-06-10 14:17:01 +0700"
"ukokkeiis working"
"2016-06-10 14:17:07 +0700"
"designis working"
"2016-06-10 14:18:02 +0700"
"ukokkeiis working"
"2016-06-10 14:18:08 +0700"
"designis working"
"2016-06-10 14:19:01 +0700"
"ukokkeiis working"
"2016-06-10 14:19:06 +0700"
"designis working"
"2016-06-10 14:20:01 +0700"
"ukokkeiis working"
"2016-06-10 14:20:06 +0700"
"designis working"
"2016-06-10 14:21:01 +0700"
"ukokkeiis working"
"2016-06-10 14:21:07 +0700"
"designis working"
"2016-06-10 14:22:01 +0700"
"ukokkeiis working"
"2016-06-10 14:22:31 +0700"
"designis working"
"2016-06-10 14:23:01 +0700"
"ukokkeiis working"
"2016-06-10 14:23:12 +0700"
"designis working"
"2016-06-10 14:24:01 +0700"
"ukokkeiis working"
"2016-06-10 14:24:10 +0700"
"designis working"
"2016-06-10 14:25:01 +0700"
"ukokkeiis working"
"2016-06-10 14:25:10 +0700"
"designis working"
"2016-06-10 14:26:01 +0700"
"ukokkeiis working"
"2016-06-10 14:26:07 +0700"
"designis working"
"2016-06-10 14:27:02 +0700"
"ukokkeiis working"
"2016-06-10 14:27:07 +0700"
"designis working"
"2016-06-10 14:28:01 +0700"
"ukokkeiis working"
"2016-06-10 14:28:06 +0700"
"designis working"
"2016-06-10 14:29:01 +0700"
"ukokkeiis working"
"2016-06-10 14:29:08 +0700"
"designis working"
"2016-06-10 14:30:01 +0700"
"ukokkeiis working"
"2016-06-10 14:30:13 +0700"
"designis working"
"2016-06-10 14:31:01 +0700"
"ukokkeiis working"
"2016-06-10 14:31:09 +0700"
"designis working"
"2016-06-10 14:32:01 +0700"
"ukokkeiis working"
"2016-06-10 14:32:09 +0700"
"designis working"
"2016-06-10 14:33:02 +0700"
"ukokkeiis working"
"2016-06-10 14:33:07 +0700"
"designis working"
"2016-06-10 14:34:02 +0700"
"ukokkeiis working"
"2016-06-10 14:34:09 +0700"
"designis working"
"2016-06-10 14:35:02 +0700"
"ukokkeiis working"
"2016-06-10 14:35:07 +0700"
"designis working"
"2016-06-10 14:36:01 +0700"
"ukokkeiis working"
"2016-06-10 14:36:07 +0700"
"designis working"
"2016-06-10 14:37:01 +0700"
"ukokkeiis working"
"2016-06-10 14:37:06 +0700"
"designis working"
"2016-06-10 14:38:02 +0700"
"ukokkeiis working"
"2016-06-10 14:38:07 +0700"
"designis working"
"2016-06-10 14:39:02 +0700"
"ukokkeiis working"
"2016-06-10 14:39:10 +0700"
"designis working"
"2016-06-10 14:40:01 +0700"
"ukokkeiis working"
"2016-06-10 14:40:09 +0700"
"designis working"
"2016-06-10 14:41:02 +0700"
"ukokkeiis working"
"2016-06-10 14:41:08 +0700"
"designis working"
"2016-06-10 14:42:01 +0700"
"ukokkeiis working"
"2016-06-10 14:42:10 +0700"
"designis working"
"2016-06-10 14:43:01 +0700"
"ukokkeiis working"
"2016-06-10 14:43:10 +0700"
"designis working"
"2016-06-10 14:44:01 +0700"
"ukokkeiis working"
"2016-06-10 14:44:06 +0700"
"designis working"
"2016-06-10 14:45:01 +0700"
"ukokkeiis working"
"2016-06-10 14:45:08 +0700"
"designis working"
"2016-06-10 14:46:02 +0700"
"ukokkeiis working"
"2016-06-10 14:46:15 +0700"
"designis working"
"2016-06-10 14:47:01 +0700"
"ukokkeiis working"
"2016-06-10 14:47:08 +0700"
"designis working"
"2016-06-10 14:48:02 +0700"
"ukokkeiis working"
"2016-06-10 14:48:09 +0700"
"designis working"
"2016-06-10 14:49:01 +0700"
"ukokkeiis working"
"2016-06-10 14:49:07 +0700"
"designis working"
"2016-06-10 14:50:01 +0700"
"ukokkeiis working"
"2016-06-10 14:50:08 +0700"
"designis working"
"2016-06-10 14:51:01 +0700"
"ukokkeiis working"
"2016-06-10 14:51:09 +0700"
"designis working"
"2016-06-10 14:52:01 +0700"
"ukokkeiis working"
"2016-06-10 14:52:09 +0700"
"designis working"
"2016-06-10 14:53:01 +0700"
"ukokkeiis working"
"2016-06-10 14:53:09 +0700"
"designis working"
"2016-06-10 14:54:01 +0700"
"ukokkeiis working"
"2016-06-10 14:54:07 +0700"
"designis working"
"2016-06-10 15:15:03 +0700"
"ukokkeiis working"
"2016-06-10 15:15:13 +0700"
"designis working"
"2016-06-10 15:16:01 +0700"
"ukokkeiis working"
"2016-06-10 15:16:14 +0700"
"designis working"
"2016-06-10 15:17:03 +0700"
"ukokkeiis working"
"2016-06-10 15:17:11 +0700"
"designis working"
"2016-06-10 15:18:02 +0700"
"ukokkeiis working"
"2016-06-10 15:18:08 +0700"
"designis working"
"2016-06-10 15:19:01 +0700"
"ukokkeiis working"
"2016-06-10 15:19:07 +0700"
"designis working"
"2016-06-10 15:20:02 +0700"
"ukokkeiis working"
"2016-06-10 15:20:07 +0700"
"designis working"
"2016-06-10 15:21:02 +0700"
"ukokkeiis working"
"2016-06-10 15:21:07 +0700"
"designis working"
"2016-06-10 15:22:02 +0700"
"ukokkeiis working"
"2016-06-10 15:22:08 +0700"
"designis working"
"2016-06-10 15:23:01 +0700"
"ukokkeiis working"
"2016-06-10 15:23:07 +0700"
"designis working"
"2016-06-10 15:24:02 +0700"
"ukokkeiis working"
"2016-06-10 15:24:06 +0700"
"designis working"
"2016-06-10 15:25:02 +0700"
"ukokkeiis working"
"2016-06-10 15:25:10 +0700"
"designis working"
"2016-06-10 15:26:01 +0700"
"ukokkeiis working"
"2016-06-10 15:26:07 +0700"
"designis working"
"2016-06-10 15:27:01 +0700"
"ukokkeiis working"
"2016-06-10 15:27:06 +0700"
"designis working"
"2016-06-10 15:28:01 +0700"
"ukokkeiis working"
"2016-06-10 15:28:09 +0700"
"designis working"
"2016-06-10 15:29:01 +0700"
"ukokkeiis working"
"2016-06-10 15:29:10 +0700"
"designis working"
"2016-06-10 15:30:01 +0700"
"ukokkeiis working"
"2016-06-10 15:30:09 +0700"
"designis working"
"2016-06-10 15:31:01 +0700"
"ukokkeiis working"
"2016-06-10 15:31:09 +0700"
"designis working"
"2016-06-10 15:32:02 +0700"
"ukokkeiis working"
"2016-06-10 15:32:09 +0700"
"designis working"
"2016-06-10 15:33:03 +0700"
"ukokkeiis working"
"2016-06-10 15:33:08 +0700"
"designis working"
"2016-06-10 15:34:02 +0700"
"ukokkeiis working"
"2016-06-10 15:34:06 +0700"
"designis working"
"2016-06-10 15:35:01 +0700"
"ukokkeiis working"
"2016-06-10 15:35:07 +0700"
"designis working"
"2016-06-10 15:36:02 +0700"
"ukokkeiis working"
"2016-06-10 15:36:09 +0700"
"designis working"
"2016-06-10 15:37:02 +0700"
"ukokkeiis working"
"2016-06-10 15:37:08 +0700"
"designis working"
"2016-06-10 15:38:02 +0700"
"ukokkeiis working"
"2016-06-10 15:38:09 +0700"
"designis working"
"2016-06-10 15:39:02 +0700"
"ukokkeiis working"
"2016-06-10 15:39:07 +0700"
"designis working"
"2016-06-10 15:40:02 +0700"
"ukokkeiis working"
"2016-06-10 15:40:07 +0700"
"designis working"
"2016-06-10 15:41:02 +0700"
"ukokkeiis working"
"2016-06-10 15:41:06 +0700"
"designis working"
"2016-06-10 15:42:01 +0700"
"ukokkeiis working"
"2016-06-10 15:42:12 +0700"
"designis working"
"2016-06-10 15:43:01 +0700"
"ukokkeiis working"
"2016-06-10 15:43:06 +0700"
"designis working"
"2016-06-10 15:44:01 +0700"
"ukokkeiis working"
"2016-06-10 15:44:06 +0700"
"designis working"
"2016-06-10 15:45:01 +0700"
"ukokkeiis working"
"2016-06-10 15:45:07 +0700"
"designis working"
"2016-06-10 15:46:02 +0700"
"ukokkeiis working"
"2016-06-10 15:46:08 +0700"
"designis working"
"2016-06-10 15:47:02 +0700"
"ukokkeiis working"
"2016-06-10 15:47:07 +0700"
"designis working"
"2016-06-10 15:48:01 +0700"
"ukokkeiis working"
"2016-06-10 15:48:06 +0700"
"designis working"
"2016-06-10 15:49:02 +0700"
"ukokkeiis working"
"2016-06-10 15:49:12 +0700"
"designis working"
"2016-06-10 15:50:01 +0700"
"ukokkeiis working"
"2016-06-10 15:50:14 +0700"
"designis working"
"2016-06-10 15:51:01 +0700"
"ukokkeiis working"
"2016-06-10 15:51:15 +0700"
"designis working"
"2016-06-10 15:52:01 +0700"
"ukokkeiis working"
"2016-06-10 15:52:16 +0700"
"designis working"
"2016-06-10 15:53:01 +0700"
"ukokkeiis working"
"2016-06-10 15:53:06 +0700"
"designis working"
"2016-06-10 15:54:01 +0700"
"ukokkeiis working"
"2016-06-10 15:54:07 +0700"
"designis working"
"2016-06-10 15:55:02 +0700"
"ukokkeiis working"
"2016-06-10 15:55:07 +0700"
"designis working"
"2016-06-10 15:56:01 +0700"
"ukokkeiis working"
"2016-06-10 15:56:08 +0700"
"designis working"
"2016-06-10 15:57:01 +0700"
"ukokkeiis working"
"2016-06-10 15:57:05 +0700"
"designis working"
"2016-06-10 15:58:01 +0700"
"ukokkeiis working"
"2016-06-10 15:58:09 +0700"
"designis working"
"2016-06-10 15:59:01 +0700"
"ukokkeiis working"
"2016-06-10 15:59:08 +0700"
"designis working"
"2016-06-10 16:00:01 +0700"
"ukokkeiis working"
"2016-06-10 16:00:13 +0700"
"designis working"
"2016-06-10 16:01:02 +0700"
"ukokkeiis working"
"2016-06-10 16:01:12 +0700"
"designis working"
"2016-06-10 16:02:01 +0700"
"ukokkeiis working"
"2016-06-10 16:02:09 +0700"
"designis working"
"2016-06-10 16:03:01 +0700"
"ukokkeiis working"
"2016-06-10 16:03:08 +0700"
"designis working"
"2016-06-10 16:04:01 +0700"
"ukokkeiis working"
"2016-06-10 16:04:13 +0700"
"designis working"
"2016-06-10 16:05:01 +0700"
"ukokkeiis working"
"2016-06-10 16:05:13 +0700"
"designis working"
"2016-06-10 16:06:01 +0700"
"ukokkeiis working"
"2016-06-10 16:06:06 +0700"
"designis working"
"2016-06-10 16:07:01 +0700"
"ukokkeiis working"
"2016-06-10 16:07:05 +0700"
"designis working"
"2016-06-10 16:08:01 +0700"
"ukokkeiis working"
"2016-06-10 16:08:05 +0700"
"designis working"
"2016-06-10 16:09:01 +0700"
"ukokkeiis working"
"2016-06-10 16:09:08 +0700"
"designis working"
"2016-06-10 16:10:01 +0700"
"ukokkeiis working"
"2016-06-10 16:10:08 +0700"
"designis working"
"2016-06-10 16:11:01 +0700"
"ukokkeiis working"
"2016-06-10 16:11:07 +0700"
"designis working"
"2016-06-10 16:12:01 +0700"
"ukokkeiis working"
"2016-06-10 16:12:06 +0700"
"designis working"
"2016-06-10 16:13:01 +0700"
"ukokkeiis working"
"2016-06-10 16:13:07 +0700"
"designis working"
"2016-06-10 16:14:02 +0700"
"ukokkeiis working"
"2016-06-10 16:14:07 +0700"
"designis working"
"2016-06-10 16:15:01 +0700"
"ukokkeiis working"
"2016-06-10 16:15:08 +0700"
"designis working"
"2016-06-10 16:16:02 +0700"
"ukokkeiis working"
"2016-06-10 16:16:12 +0700"
"designis working"
"2016-06-10 16:17:01 +0700"
"ukokkeiis working"
"2016-06-10 16:17:06 +0700"
"designis working"
"2016-06-10 16:18:02 +0700"
"ukokkeiis working"
"2016-06-10 16:18:12 +0700"
"designis working"
"2016-06-10 16:19:02 +0700"
"ukokkeiis working"
"2016-06-10 16:19:10 +0700"
"designis working"
"2016-06-10 16:20:02 +0700"
"ukokkeiis working"
"2016-06-10 16:20:10 +0700"
"designis working"
"2016-06-10 16:21:01 +0700"
"ukokkeiis working"
"2016-06-10 16:21:11 +0700"
"designis working"
"2016-06-10 16:22:01 +0700"
"ukokkeiis working"
"2016-06-10 16:22:07 +0700"
"designis working"
"2016-06-10 16:23:01 +0700"
"ukokkeiis working"
"2016-06-10 16:23:06 +0700"
"designis working"
"2016-06-10 16:24:01 +0700"
"ukokkeiis working"
"2016-06-10 16:24:09 +0700"
"designis working"
"2016-06-10 16:25:01 +0700"
"ukokkeiis working"
"2016-06-10 16:25:07 +0700"
"designis working"
"2016-06-10 16:26:02 +0700"
"ukokkeiis working"
"2016-06-10 16:26:10 +0700"
"designis working"
"2016-06-10 16:27:01 +0700"
"ukokkeiis working"
"2016-06-10 16:27:12 +0700"
"designis working"
"2016-06-10 16:28:01 +0700"
"ukokkeiis working"
"2016-06-10 16:28:08 +0700"
"designis working"
"2016-06-10 16:29:01 +0700"
"ukokkeiis working"
"2016-06-10 16:29:08 +0700"
"designis working"
"2016-06-10 16:30:01 +0700"
"ukokkeiis working"
"2016-06-10 16:30:09 +0700"
"designis working"
"2016-06-10 16:31:01 +0700"
"ukokkeiis working"
"2016-06-10 16:31:06 +0700"
"designis working"
"2016-06-10 16:32:01 +0700"
"ukokkeiis working"
"2016-06-10 16:32:07 +0700"
"designis working"
"2016-06-10 16:33:01 +0700"
"ukokkeiis working"
"2016-06-10 16:33:07 +0700"
"designis working"
"2016-06-10 16:34:01 +0700"
"ukokkeiis working"
"2016-06-10 16:34:17 +0700"
"designis working"
"2016-06-10 16:35:01 +0700"
"ukokkeiis working"
"2016-06-10 16:35:08 +0700"
"designis working"
"2016-06-10 16:36:01 +0700"
"ukokkeiis working"
"2016-06-10 16:36:08 +0700"
"designis working"
"2016-06-10 16:37:01 +0700"
"ukokkeiis working"
"2016-06-10 16:37:21 +0700"
"designis working"
"2016-06-10 16:38:01 +0700"
"ukokkeiis working"
"2016-06-10 16:38:57 +0700"
"designis working"
"2016-06-10 16:39:01 +0700"
"ukokkeiis working"
"2016-06-10 16:39:12 +0700"
"designis working"
"2016-06-10 16:40:01 +0700"
"ukokkeiis working"
"2016-06-10 16:40:18 +0700"
"designis working"
"2016-06-10 16:41:01 +0700"
"ukokkeiis working"
"2016-06-10 16:41:31 +0700"
"designis working"
"2016-06-10 16:42:02 +0700"
"ukokkeiis working"
"2016-06-10 16:42:19 +0700"
"designis working"
"2016-06-10 16:43:02 +0700"
"ukokkeiis working"
"2016-06-10 16:43:09 +0700"
"designis working"
"2016-06-10 16:44:02 +0700"
"ukokkeiis working"
"2016-06-10 16:44:09 +0700"
"designis working"
"2016-06-10 16:45:01 +0700"
"ukokkeiis working"
"2016-06-10 16:45:06 +0700"
"designis working"
"2016-06-10 16:46:01 +0700"
"ukokkeiis working"
"2016-06-10 16:46:08 +0700"
"designis working"
"2016-06-10 16:47:02 +0700"
"ukokkeiis working"
"2016-06-10 16:47:07 +0700"
"designis working"
"2016-06-10 16:48:02 +0700"
"ukokkeiis working"
"2016-06-10 16:48:07 +0700"
"designis working"
"2016-06-10 16:49:01 +0700"
"ukokkeiis working"
"2016-06-10 16:49:07 +0700"
"designis working"
"2016-06-10 16:50:01 +0700"
"ukokkeiis working"
"2016-06-10 16:50:09 +0700"
"designis working"
"2016-06-10 16:51:02 +0700"
"ukokkeiis working"
"2016-06-10 16:51:10 +0700"
"designis working"
"2016-06-10 16:52:02 +0700"
"ukokkeiis working"
"2016-06-10 16:52:06 +0700"
"designis working"
"2016-06-10 16:53:02 +0700"
"ukokkeiis working"
"2016-06-10 16:53:07 +0700"
"designis working"
"2016-06-10 16:54:01 +0700"
"ukokkeiis working"
"2016-06-10 16:54:08 +0700"
"designis working"
"2016-06-10 16:55:01 +0700"
"ukokkeiis working"
"2016-06-10 16:55:06 +0700"
"designis working"
"2016-06-10 16:56:02 +0700"
"ukokkeiis working"
"2016-06-10 16:56:06 +0700"
"designis working"
"2016-06-10 16:57:01 +0700"
"ukokkeiis working"
"2016-06-10 16:57:08 +0700"
"designis working"
"2016-06-10 16:58:02 +0700"
"ukokkeiis working"
"2016-06-10 16:58:10 +0700"
"designis working"
"2016-06-10 16:59:02 +0700"
"ukokkeiis working"
"2016-06-10 16:59:07 +0700"
"designis working"
"2016-06-10 17:00:01 +0700"
"ukokkeiis working"
"2016-06-10 17:00:08 +0700"
"designis working"
"2016-06-10 17:01:01 +0700"
"ukokkeiis working"
"2016-06-10 17:01:07 +0700"
"designis working"
"2016-06-10 17:02:01 +0700"
"ukokkeiis working"
"2016-06-10 17:02:07 +0700"
"designis working"
"2016-06-10 17:03:01 +0700"
"ukokkeiis working"
"2016-06-10 17:03:13 +0700"
"designis working"
"2016-06-10 17:04:01 +0700"
"ukokkeiis working"
"2016-06-10 17:04:15 +0700"
"designis working"
"2016-06-10 17:05:01 +0700"
"ukokkeiis working"
"2016-06-10 17:05:14 +0700"
"designis working"
"2016-06-10 17:06:01 +0700"
"ukokkeiis working"
"2016-06-10 17:06:08 +0700"
"designis working"
"2016-06-10 17:07:02 +0700"
"ukokkeiis working"
"2016-06-10 17:07:07 +0700"
"designis working"
"2016-06-10 17:08:02 +0700"
"ukokkeiis working"
"2016-06-10 17:08:06 +0700"
"designis working"
"2016-06-10 17:09:02 +0700"
"ukokkeiis working"
"2016-06-10 17:09:09 +0700"
"designis working"
"2016-06-10 17:10:01 +0700"
"ukokkeiis working"
"2016-06-10 17:10:07 +0700"
"designis working"
"2016-06-10 17:11:02 +0700"
"ukokkeiis working"
"2016-06-10 17:11:09 +0700"
"designis working"
"2016-06-10 17:12:01 +0700"
"ukokkeiis working"
"2016-06-10 17:12:06 +0700"
"designis working"
"2016-06-10 17:13:01 +0700"
"ukokkeiis working"
"2016-06-10 17:13:09 +0700"
"designis working"
"2016-06-10 17:14:01 +0700"
"ukokkeiis working"
"2016-06-10 17:14:05 +0700"
"designis working"
"2016-06-10 17:15:01 +0700"
"ukokkeiis working"
"2016-06-10 17:15:06 +0700"
"designis working"
"2016-06-10 17:16:01 +0700"
"ukokkeiis working"
"2016-06-10 17:16:06 +0700"
"designis working"
"2016-06-10 17:17:02 +0700"
"ukokkeiis working"
"2016-06-10 17:17:07 +0700"
"designis working"
"2016-06-10 17:18:02 +0700"
"ukokkeiis working"
"2016-06-10 17:18:06 +0700"
"designis working"
"2016-06-10 17:19:01 +0700"
"ukokkeiis working"
"2016-06-10 17:19:06 +0700"
"designis working"
"2016-06-10 17:20:01 +0700"
"ukokkeiis working"
"2016-06-10 17:20:06 +0700"
"designis working"
"2016-06-10 17:21:01 +0700"
"ukokkeiis working"
"2016-06-10 17:21:06 +0700"
"designis working"
"2016-06-10 17:22:02 +0700"
"ukokkeiis working"
"2016-06-10 17:22:07 +0700"
"designis working"
"2016-06-10 17:23:01 +0700"
"ukokkeiis working"
"2016-06-10 17:23:06 +0700"
"designis working"
"2016-06-10 17:24:02 +0700"
"ukokkeiis working"
"2016-06-10 17:24:06 +0700"
"designis working"
"2016-06-10 17:25:01 +0700"
"ukokkeiis working"
"2016-06-10 17:25:06 +0700"
"designis working"
"2016-06-10 17:26:02 +0700"
"ukokkeiis working"
"2016-06-10 17:26:07 +0700"
"designis working"
"2016-06-10 17:27:02 +0700"
"ukokkeiis working"
"2016-06-10 17:27:06 +0700"
"designis working"
"2016-06-10 17:28:01 +0700"
"ukokkeiis working"
"2016-06-10 17:28:07 +0700"
"designis working"
"2016-06-10 17:29:01 +0700"
"ukokkeiis working"
"2016-06-10 17:29:06 +0700"
"designis working"
"2016-06-10 17:30:01 +0700"
"ukokkeiis working"
"2016-06-10 17:30:06 +0700"
"designis working"
"2016-06-10 17:31:02 +0700"
"ukokkeiis working"
"2016-06-10 17:31:07 +0700"
"designis working"
"2016-06-10 17:32:02 +0700"
"ukokkeiis working"
"2016-06-10 17:32:06 +0700"
"designis working"
"2016-06-10 17:33:01 +0700"
"ukokkeiis working"
"2016-06-10 17:33:06 +0700"
"designis working"
"2016-06-10 17:34:01 +0700"
"ukokkeiis working"
"2016-06-10 17:34:05 +0700"
"designis working"
"2016-06-10 17:35:01 +0700"
"ukokkeiis working"
"2016-06-10 17:35:06 +0700"
"designis working"
"2016-06-10 17:36:01 +0700"
"ukokkeiis working"
"2016-06-10 17:36:07 +0700"
"designis working"
"2016-06-10 17:37:01 +0700"
"ukokkeiis working"
"2016-06-10 17:37:07 +0700"
"designis working"
"2016-06-10 17:38:01 +0700"
"ukokkeiis working"
"2016-06-10 17:38:09 +0700"
"designis working"
"2016-06-10 17:39:01 +0700"
"ukokkeiis working"
"2016-06-10 17:39:06 +0700"
"designis working"
"2016-06-10 19:54:03 +0700"
"ukokkeiis working"
#<SocketError: getaddrinfo: nodename nor servname provided, or not known>
"2016-06-10 19:54:03 +0700"
"designis working"
#<SocketError: getaddrinfo: nodename nor servname provided, or not known>
"2016-06-10 19:55:01 +0700"
"ukokkeiis working"
"2016-06-10 19:55:06 +0700"
"designis working"
"2016-06-10 19:56:02 +0700"
"ukokkeiis working"
"2016-06-10 19:56:07 +0700"
"designis working"
"2016-06-10 19:57:02 +0700"
"ukokkeiis working"
"2016-06-10 19:57:05 +0700"
"designis working"
"2016-06-10 19:58:01 +0700"
"ukokkeiis working"
"2016-06-10 19:58:06 +0700"
"designis working"
"2016-06-10 19:59:01 +0700"
"ukokkeiis working"
"2016-06-10 19:59:06 +0700"
"designis working"
"2016-06-10 20:00:01 +0700"
"ukokkeiis working"
"2016-06-10 20:00:06 +0700"
"designis working"
"2016-06-10 20:01:01 +0700"
"ukokkeiis working"
"2016-06-10 20:01:07 +0700"
"designis working"
"2016-06-10 20:02:01 +0700"
"ukokkeiis working"
"2016-06-10 20:02:06 +0700"
"designis working"
"2016-06-10 20:03:01 +0700"
"ukokkeiis working"
"2016-06-10 20:03:05 +0700"
"designis working"
"2016-06-10 20:04:01 +0700"
"ukokkeiis working"
"2016-06-10 20:04:06 +0700"
"designis working"
"2016-06-10 20:05:01 +0700"
"ukokkeiis working"
"2016-06-10 20:05:06 +0700"
"designis working"
"2016-06-10 20:06:01 +0700"
"ukokkeiis working"
"2016-06-10 20:06:08 +0700"
"designis working"
"2016-06-10 20:07:02 +0700"
"ukokkeiis working"
"2016-06-10 20:07:06 +0700"
"designis working"
"2016-06-10 20:08:02 +0700"
"ukokkeiis working"
"2016-06-10 20:08:06 +0700"
"designis working"
"2016-06-10 20:09:01 +0700"
"ukokkeiis working"
"2016-06-10 20:09:06 +0700"
"designis working"
"2016-06-10 20:10:02 +0700"
"ukokkeiis working"
"2016-06-10 20:10:08 +0700"
"designis working"
"2016-06-10 20:11:01 +0700"
"ukokkeiis working"
"2016-06-10 20:11:05 +0700"
"designis working"
"2016-06-10 20:12:01 +0700"
"ukokkeiis working"
"2016-06-10 20:12:06 +0700"
"designis working"
"2016-06-10 20:13:01 +0700"
"ukokkeiis working"
"2016-06-10 20:13:06 +0700"
"designis working"
"2016-06-10 20:14:01 +0700"
"ukokkeiis working"
"2016-06-10 20:14:05 +0700"
"designis working"
"2016-06-10 20:15:01 +0700"
"ukokkeiis working"
"2016-06-10 20:15:07 +0700"
"designis working"
"2016-06-10 20:16:01 +0700"
"ukokkeiis working"
"2016-06-10 20:16:06 +0700"
"designis working"
"2016-06-10 20:17:01 +0700"
"ukokkeiis working"
"2016-06-10 20:17:05 +0700"
"designis working"
"2016-06-10 20:18:01 +0700"
"ukokkeiis working"
"2016-06-10 20:18:05 +0700"
"designis working"
"2016-06-10 20:19:01 +0700"
"ukokkeiis working"
"2016-06-10 20:19:07 +0700"
"designis working"
"2016-06-10 20:20:01 +0700"
"ukokkeiis working"
"2016-06-10 20:20:06 +0700"
"designis working"
"2016-06-10 20:21:01 +0700"
"ukokkeiis working"
"2016-06-10 20:21:06 +0700"
"designis working"
"2016-06-10 20:22:01 +0700"
"ukokkeiis working"
"2016-06-10 20:22:06 +0700"
"designis working"
"2016-06-10 20:23:01 +0700"
"ukokkeiis working"
"2016-06-10 20:23:05 +0700"
"designis working"
"2016-06-10 20:24:01 +0700"
"ukokkeiis working"
"2016-06-10 20:24:06 +0700"
"designis working"
"2016-06-10 20:25:01 +0700"
"ukokkeiis working"
"2016-06-10 20:25:05 +0700"
"designis working"
"2016-06-10 20:26:01 +0700"
"ukokkeiis working"
"2016-06-10 20:26:04 +0700"
"designis working"
"2016-06-10 20:27:01 +0700"
"ukokkeiis working"
"2016-06-10 20:27:07 +0700"
"designis working"
"2016-06-10 20:28:01 +0700"
"ukokkeiis working"
"2016-06-10 20:28:05 +0700"
"designis working"
"2016-06-10 20:29:01 +0700"
"ukokkeiis working"
"2016-06-10 20:29:06 +0700"
"designis working"
"2016-06-10 20:30:01 +0700"
"ukokkeiis working"
"2016-06-10 20:30:06 +0700"
"designis working"
"2016-06-10 20:31:01 +0700"
"ukokkeiis working"
"2016-06-10 20:31:07 +0700"
"designis working"
"2016-06-10 20:32:01 +0700"
"ukokkeiis working"
"2016-06-10 20:32:07 +0700"
"designis working"
"2016-06-10 20:33:01 +0700"
"ukokkeiis working"
"2016-06-10 20:33:05 +0700"
"designis working"
"2016-06-10 20:34:01 +0700"
"ukokkeiis working"
"2016-06-10 20:34:08 +0700"
"designis working"
"2016-06-11 02:14:02 +0700"
"ukokkeiis working"
"2016-06-11 02:14:09 +0700"
"designis working"
"2016-06-11 03:56:02 +0700"
"ukokkeiis working"
"2016-06-11 03:56:14 +0700"
"designis working"
"2016-06-11 03:57:01 +0700"
"ukokkeiis working"
"2016-06-11 03:57:05 +0700"
"designis working"
"2016-06-11 03:58:01 +0700"
"ukokkeiis working"
"2016-06-11 03:58:07 +0700"
"designis working"
"2016-06-11 03:59:01 +0700"
"ukokkeiis working"
"2016-06-11 03:59:05 +0700"
"designis working"
"2016-06-11 04:00:01 +0700"
"ukokkeiis working"
"2016-06-11 04:00:06 +0700"
"designis working"
"2016-06-11 04:01:01 +0700"
"ukokkeiis working"
"2016-06-11 04:01:05 +0700"
"designis working"
"2016-06-11 04:02:01 +0700"
"ukokkeiis working"
"2016-06-11 04:02:06 +0700"
"designis working"
"2016-06-11 04:03:01 +0700"
"ukokkeiis working"
"2016-06-11 04:03:06 +0700"
"designis working"
"2016-06-11 04:04:01 +0700"
"ukokkeiis working"
"2016-06-11 04:04:06 +0700"
"designis working"
"2016-06-11 04:05:01 +0700"
"ukokkeiis working"
"2016-06-11 04:05:09 +0700"
"designis working"
"2016-06-11 04:06:01 +0700"
"ukokkeiis working"
"2016-06-11 04:06:06 +0700"
"designis working"
"2016-06-11 04:07:01 +0700"
"ukokkeiis working"
"2016-06-11 04:07:09 +0700"
"designis working"
"2016-06-11 04:08:01 +0700"
"ukokkeiis working"
"2016-06-11 04:08:07 +0700"
"designis working"
"2016-06-11 04:09:01 +0700"
"ukokkeiis working"
"2016-06-11 04:09:05 +0700"
"designis working"
"2016-06-11 04:10:01 +0700"
"ukokkeiis working"
"2016-06-11 04:10:06 +0700"
"designis working"
"2016-06-11 04:11:02 +0700"
"ukokkeiis working"
"2016-06-11 04:11:07 +0700"
"designis working"
"2016-06-11 04:12:01 +0700"
"ukokkeiis working"
"2016-06-11 04:12:05 +0700"
"designis working"
"2016-06-11 04:13:01 +0700"
"ukokkeiis working"
"2016-06-11 04:13:05 +0700"
"designis working"
"2016-06-11 04:14:01 +0700"
"ukokkeiis working"
"2016-06-11 04:14:05 +0700"
"designis working"
"2016-06-11 04:15:01 +0700"
"ukokkeiis working"
"2016-06-11 04:15:05 +0700"
"designis working"
"2016-06-11 04:16:01 +0700"
"ukokkeiis working"
"2016-06-11 04:16:06 +0700"
"designis working"
"2016-06-11 04:17:01 +0700"
"ukokkeiis working"
"2016-06-11 04:17:05 +0700"
"designis working"
"2016-06-11 04:18:01 +0700"
"ukokkeiis working"
"2016-06-11 04:18:06 +0700"
"designis working"
"2016-06-11 04:19:01 +0700"
"ukokkeiis working"
"2016-06-11 04:19:12 +0700"
"designis working"
"2016-06-11 04:20:01 +0700"
"ukokkeiis working"
"2016-06-11 04:20:05 +0700"
"designis working"
"2016-06-11 04:21:01 +0700"
"ukokkeiis working"
"2016-06-11 04:21:06 +0700"
"designis working"
"2016-06-11 04:22:01 +0700"
"ukokkeiis working"
"2016-06-11 04:22:07 +0700"
"designis working"
"2016-06-11 04:23:02 +0700"
"ukokkeiis working"
"2016-06-11 04:23:06 +0700"
"designis working"
"2016-06-11 04:24:01 +0700"
"ukokkeiis working"
"2016-06-11 04:24:06 +0700"
"designis working"
"2016-06-11 04:25:01 +0700"
"ukokkeiis working"
"2016-06-11 04:25:06 +0700"
"designis working"
"2016-06-11 04:26:03 +0700"
"ukokkeiis working"
"2016-06-11 04:26:08 +0700"
"designis working"
"2016-06-11 04:27:01 +0700"
"ukokkeiis working"
"2016-06-11 04:27:04 +0700"
"designis working"
"2016-06-11 04:28:01 +0700"
"ukokkeiis working"
"2016-06-11 04:28:07 +0700"
"designis working"
"2016-06-11 04:29:01 +0700"
"ukokkeiis working"
"2016-06-11 04:29:07 +0700"
"designis working"
"2016-06-11 04:30:01 +0700"
"ukokkeiis working"
"2016-06-11 04:30:06 +0700"
"designis working"
"2016-06-11 04:31:01 +0700"
"ukokkeiis working"
"2016-06-11 04:31:06 +0700"
"designis working"
"2016-06-11 04:32:01 +0700"
"ukokkeiis working"
"2016-06-11 04:32:05 +0700"
"designis working"
"2016-06-11 04:33:01 +0700"
"ukokkeiis working"
"2016-06-11 04:33:06 +0700"
"designis working"
"2016-06-11 04:34:01 +0700"
"ukokkeiis working"
"2016-06-11 04:34:07 +0700"
"designis working"
"2016-06-11 04:35:01 +0700"
"ukokkeiis working"
"2016-06-11 04:35:07 +0700"
"designis working"
"2016-06-11 04:36:01 +0700"
"ukokkeiis working"
"2016-06-11 04:36:06 +0700"
"designis working"
"2016-06-11 04:37:01 +0700"
"ukokkeiis working"
"2016-06-11 04:37:05 +0700"
"designis working"
"2016-06-11 04:38:01 +0700"
"ukokkeiis working"
"2016-06-11 04:38:06 +0700"
"designis working"
"2016-06-11 04:39:01 +0700"
"ukokkeiis working"
"2016-06-11 04:39:08 +0700"
"designis working"
"2016-06-11 04:40:01 +0700"
"ukokkeiis working"
"2016-06-11 04:40:04 +0700"
"designis working"
"2016-06-11 04:41:01 +0700"
"ukokkeiis working"
"2016-06-11 04:41:08 +0700"
"designis working"
"2016-06-11 04:42:02 +0700"
"ukokkeiis working"
"2016-06-11 04:42:06 +0700"
"designis working"
"2016-06-11 04:43:01 +0700"
"ukokkeiis working"
"2016-06-11 04:43:07 +0700"
"designis working"
"2016-06-11 04:44:01 +0700"
"ukokkeiis working"
"2016-06-11 04:44:05 +0700"
"designis working"
"2016-06-11 04:45:01 +0700"
"ukokkeiis working"
"2016-06-11 04:45:08 +0700"
"designis working"
"2016-06-11 04:46:01 +0700"
"ukokkeiis working"
"2016-06-11 04:46:05 +0700"
"designis working"
"2016-06-11 04:47:01 +0700"
"ukokkeiis working"
"2016-06-11 04:47:07 +0700"
"designis working"
"2016-06-11 04:48:01 +0700"
"ukokkeiis working"
"2016-06-11 04:48:05 +0700"
"designis working"
"2016-06-11 04:49:01 +0700"
"ukokkeiis working"
"2016-06-11 04:49:06 +0700"
"designis working"
"2016-06-11 04:50:01 +0700"
"ukokkeiis working"
"2016-06-11 04:50:04 +0700"
"designis working"
"2016-06-11 04:51:01 +0700"
"ukokkeiis working"
"2016-06-11 04:51:05 +0700"
"designis working"
"2016-06-11 04:52:01 +0700"
"ukokkeiis working"
"2016-06-11 04:52:07 +0700"
"designis working"
"2016-06-11 04:53:01 +0700"
"ukokkeiis working"
"2016-06-11 04:53:06 +0700"
"designis working"
"2016-06-11 04:54:01 +0700"
"ukokkeiis working"
"2016-06-11 04:54:07 +0700"
"designis working"
"2016-06-11 04:55:01 +0700"
"ukokkeiis working"
"2016-06-11 04:55:07 +0700"
"designis working"
"2016-06-11 04:56:01 +0700"
"ukokkeiis working"
"2016-06-11 04:56:04 +0700"
"designis working"
"2016-06-11 04:57:01 +0700"
"ukokkeiis working"
"2016-06-11 04:57:05 +0700"
"designis working"
"2016-06-11 04:58:01 +0700"
"ukokkeiis working"
"2016-06-11 04:58:07 +0700"
"designis working"
"2016-06-11 04:59:02 +0700"
"ukokkeiis working"
"2016-06-11 04:59:06 +0700"
"designis working"
"2016-06-11 05:00:02 +0700"
"ukokkeiis working"
"2016-06-11 05:00:06 +0700"
"designis working"
"2016-06-11 05:01:01 +0700"
"ukokkeiis working"
"2016-06-11 05:01:05 +0700"
"designis working"
"2016-06-11 05:02:01 +0700"
"ukokkeiis working"
"2016-06-11 05:02:06 +0700"
"designis working"
"2016-06-11 05:03:01 +0700"
"ukokkeiis working"
"2016-06-11 05:03:06 +0700"
"designis working"
"2016-06-11 05:04:01 +0700"
"ukokkeiis working"
"2016-06-11 05:04:06 +0700"
"designis working"
"2016-06-11 05:05:01 +0700"
"ukokkeiis working"
"2016-06-11 05:05:06 +0700"
"designis working"
"2016-06-11 05:06:01 +0700"
"ukokkeiis working"
"2016-06-11 05:06:07 +0700"
"designis working"
"2016-06-11 05:07:02 +0700"
"ukokkeiis working"
"2016-06-11 05:07:06 +0700"
"designis working"
"2016-06-11 05:08:02 +0700"
"ukokkeiis working"
"2016-06-11 05:08:10 +0700"
"designis working"
"2016-06-11 05:09:01 +0700"
"ukokkeiis working"
"2016-06-11 05:09:06 +0700"
"designis working"
"2016-06-11 05:10:01 +0700"
"ukokkeiis working"
"2016-06-11 05:10:06 +0700"
"designis working"
"2016-06-11 05:11:01 +0700"
"ukokkeiis working"
"2016-06-11 05:11:08 +0700"
"designis working"
"2016-06-11 05:12:01 +0700"
"ukokkeiis working"
"2016-06-11 05:12:07 +0700"
"designis working"
"2016-06-11 05:13:01 +0700"
"ukokkeiis working"
"2016-06-11 05:13:04 +0700"
"designis working"
"2016-06-11 05:14:01 +0700"
"ukokkeiis working"
"2016-06-11 05:14:06 +0700"
"designis working"
"2016-06-11 05:15:01 +0700"
"ukokkeiis working"
"2016-06-11 05:15:11 +0700"
"designis working"
"2016-06-11 05:16:01 +0700"
"ukokkeiis working"
"2016-06-11 05:16:12 +0700"
"designis working"
"2016-06-11 05:17:01 +0700"
"ukokkeiis working"
"2016-06-11 05:17:05 +0700"
"designis working"
"2016-06-11 05:18:01 +0700"
"ukokkeiis working"
"2016-06-11 05:18:06 +0700"
"designis working"
"2016-06-11 05:19:02 +0700"
"ukokkeiis working"
"2016-06-11 05:19:06 +0700"
"designis working"
"2016-06-11 05:20:02 +0700"
"ukokkeiis working"
"2016-06-11 05:20:08 +0700"
"designis working"
"2016-06-11 05:21:01 +0700"
"ukokkeiis working"
"2016-06-11 05:21:05 +0700"
"designis working"
"2016-06-11 05:22:01 +0700"
"ukokkeiis working"
"2016-06-11 05:22:05 +0700"
"designis working"
"2016-06-11 05:23:01 +0700"
"ukokkeiis working"
"2016-06-11 05:23:06 +0700"
"designis working"
"2016-06-11 05:24:01 +0700"
"ukokkeiis working"
"2016-06-11 05:24:07 +0700"
"designis working"
"2016-06-11 05:25:01 +0700"
"ukokkeiis working"
"2016-06-11 05:25:05 +0700"
"designis working"
"2016-06-11 05:26:02 +0700"
"ukokkeiis working"
"2016-06-11 05:26:05 +0700"
"designis working"
"2016-06-11 05:27:01 +0700"
"ukokkeiis working"
"2016-06-11 05:27:05 +0700"
"designis working"
"2016-06-11 05:28:02 +0700"
"ukokkeiis working"
"2016-06-11 05:28:07 +0700"
"designis working"
"2016-06-11 05:29:01 +0700"
"ukokkeiis working"
"2016-06-11 05:29:06 +0700"
"designis working"
"2016-06-11 05:30:01 +0700"
"ukokkeiis working"
"2016-06-11 05:30:12 +0700"
"designis working"
"2016-06-11 05:31:01 +0700"
"ukokkeiis working"
"2016-06-11 05:31:08 +0700"
"designis working"
"2016-06-11 05:32:01 +0700"
"ukokkeiis working"
"2016-06-11 05:32:05 +0700"
"designis working"
"2016-06-11 05:33:01 +0700"
"ukokkeiis working"
"2016-06-11 05:33:06 +0700"
"designis working"
"2016-06-11 05:34:01 +0700"
"ukokkeiis working"
"2016-06-11 05:34:06 +0700"
"designis working"
"2016-06-11 05:35:01 +0700"
"ukokkeiis working"
"2016-06-11 05:35:06 +0700"
"designis working"
"2016-06-11 05:36:01 +0700"
"ukokkeiis working"
"2016-06-11 05:36:07 +0700"
"designis working"
"2016-06-11 05:37:01 +0700"
"ukokkeiis working"
"2016-06-11 05:37:08 +0700"
"designis working"
"2016-06-11 05:38:02 +0700"
"ukokkeiis working"
"2016-06-11 05:38:07 +0700"
"designis working"
"2016-06-11 05:39:01 +0700"
"ukokkeiis working"
"2016-06-11 05:39:06 +0700"
"designis working"
"2016-06-11 05:40:02 +0700"
"ukokkeiis working"
"2016-06-11 05:40:07 +0700"
"designis working"
"2016-06-11 05:41:02 +0700"
"ukokkeiis working"
"2016-06-11 05:41:06 +0700"
"designis working"
"2016-06-11 05:42:01 +0700"
"ukokkeiis working"
"2016-06-11 05:42:06 +0700"
"designis working"
"2016-06-11 05:43:01 +0700"
"ukokkeiis working"
"2016-06-11 05:43:25 +0700"
"designis working"
"2016-06-11 05:44:02 +0700"
"ukokkeiis working"
"2016-06-11 05:44:07 +0700"
"designis working"
"2016-06-11 05:45:02 +0700"
"ukokkeiis working"
"2016-06-11 05:45:16 +0700"
"designis working"
"2016-06-11 05:46:01 +0700"
"ukokkeiis working"
"2016-06-11 05:46:07 +0700"
"designis working"
"2016-06-11 05:47:01 +0700"
"ukokkeiis working"
"2016-06-11 05:47:05 +0700"
"designis working"
"2016-06-11 05:48:02 +0700"
"ukokkeiis working"
"2016-06-11 05:48:06 +0700"
"designis working"
"2016-06-11 05:49:01 +0700"
"ukokkeiis working"
"2016-06-11 05:49:06 +0700"
"designis working"
"2016-06-11 05:50:01 +0700"
"ukokkeiis working"
"2016-06-11 05:50:07 +0700"
"designis working"
"2016-06-11 05:51:01 +0700"
"ukokkeiis working"
"2016-06-11 05:51:07 +0700"
"designis working"
"2016-06-11 05:52:01 +0700"
"ukokkeiis working"
"2016-06-11 05:52:08 +0700"
"designis working"
"2016-06-11 05:53:01 +0700"
"ukokkeiis working"
"2016-06-11 05:53:08 +0700"
"designis working"
"2016-06-11 05:54:01 +0700"
"ukokkeiis working"
"2016-06-11 05:54:06 +0700"
"designis working"
"2016-06-11 05:55:02 +0700"
"ukokkeiis working"
"2016-06-11 05:55:06 +0700"
"designis working"
"2016-06-11 05:56:01 +0700"
"ukokkeiis working"
"2016-06-11 05:56:09 +0700"
"designis working"
"2016-06-11 05:57:01 +0700"
"ukokkeiis working"
"2016-06-11 05:57:07 +0700"
"designis working"
"2016-06-11 05:58:01 +0700"
"ukokkeiis working"
"2016-06-11 05:58:05 +0700"
"designis working"
"2016-06-11 05:59:01 +0700"
"ukokkeiis working"
"2016-06-11 05:59:08 +0700"
"designis working"
"2016-06-11 06:00:01 +0700"
"ukokkeiis working"
"2016-06-11 06:00:06 +0700"
"designis working"
"2016-06-11 06:01:01 +0700"
"ukokkeiis working"
"2016-06-11 06:01:07 +0700"
"designis working"
"2016-06-11 06:02:01 +0700"
"ukokkeiis working"
"2016-06-11 06:02:06 +0700"
"designis working"
"2016-06-11 06:03:01 +0700"
"ukokkeiis working"
"2016-06-11 06:03:08 +0700"
"designis working"
"2016-06-11 06:04:01 +0700"
"ukokkeiis working"
"2016-06-11 06:04:06 +0700"
"designis working"
"2016-06-11 06:05:02 +0700"
"ukokkeiis working"
"2016-06-11 06:05:10 +0700"
"designis working"
"2016-06-11 06:06:01 +0700"
"ukokkeiis working"
"2016-06-11 06:06:06 +0700"
"designis working"
"2016-06-11 06:07:01 +0700"
"ukokkeiis working"
"2016-06-11 06:07:06 +0700"
"designis working"
"2016-06-11 06:08:01 +0700"
"ukokkeiis working"
"2016-06-11 06:08:06 +0700"
"designis working"
"2016-06-11 06:09:01 +0700"
"ukokkeiis working"
"2016-06-11 06:09:05 +0700"
"designis working"
"2016-06-11 06:10:01 +0700"
"ukokkeiis working"
"2016-06-11 06:10:08 +0700"
"designis working"
"2016-06-11 06:11:01 +0700"
"ukokkeiis working"
"2016-06-11 06:11:06 +0700"
"designis working"
"2016-06-11 06:12:01 +0700"
"ukokkeiis working"
"2016-06-11 06:12:07 +0700"
"designis working"
"2016-06-11 06:13:02 +0700"
"ukokkeiis working"
"2016-06-11 06:13:08 +0700"
"designis working"
"2016-06-11 06:14:01 +0700"
"ukokkeiis working"
"2016-06-11 06:14:08 +0700"
"designis working"
"2016-06-11 06:15:04 +0700"
"ukokkeiis working"
"2016-06-11 06:15:08 +0700"
"designis working"
"2016-06-11 06:16:01 +0700"
"ukokkeiis working"
"2016-06-11 06:16:06 +0700"
"designis working"
"2016-06-11 06:17:02 +0700"
"ukokkeiis working"
"2016-06-11 06:17:07 +0700"
"designis working"
"2016-06-11 06:18:01 +0700"
"ukokkeiis working"
"2016-06-11 06:18:05 +0700"
"designis working"
"2016-06-11 06:19:02 +0700"
"ukokkeiis working"
"2016-06-11 06:19:06 +0700"
"designis working"
"2016-06-11 06:20:02 +0700"
"ukokkeiis working"
"2016-06-11 06:20:06 +0700"
"designis working"
"2016-06-11 06:21:01 +0700"
"ukokkeiis working"
"2016-06-11 06:21:05 +0700"
"designis working"
"2016-06-11 06:22:01 +0700"
"ukokkeiis working"
"2016-06-11 06:22:06 +0700"
"designis working"
"2016-06-11 06:23:01 +0700"
"ukokkeiis working"
"2016-06-11 06:23:06 +0700"
"designis working"
"2016-06-11 06:24:01 +0700"
"ukokkeiis working"
"2016-06-11 06:24:07 +0700"
"designis working"
"2016-06-11 06:25:01 +0700"
"ukokkeiis working"
"2016-06-11 06:25:05 +0700"
"designis working"
"2016-06-11 06:26:01 +0700"
"ukokkeiis working"
"2016-06-11 06:26:06 +0700"
"designis working"
"2016-06-11 06:27:01 +0700"
"ukokkeiis working"
"2016-06-11 06:27:07 +0700"
"designis working"
"2016-06-11 06:28:01 +0700"
"ukokkeiis working"
"2016-06-11 06:28:05 +0700"
"designis working"
"2016-06-11 06:29:01 +0700"
"ukokkeiis working"
"2016-06-11 06:29:06 +0700"
"designis working"
"2016-06-11 06:30:01 +0700"
"ukokkeiis working"
"2016-06-11 06:30:04 +0700"
"designis working"
#<SocketError: getaddrinfo: nodename nor servname provided, or not known>
"2016-06-11 06:42:01 +0700"
"ukokkeiis working"
"2016-06-11 06:42:08 +0700"
"designis working"
"2016-06-11 06:43:02 +0700"
"ukokkeiis working"
"2016-06-11 06:43:06 +0700"
"designis working"
"2016-06-11 06:44:01 +0700"
"ukokkeiis working"
"2016-06-11 06:44:05 +0700"
"designis working"
"2016-06-11 06:45:01 +0700"
"ukokkeiis working"
"2016-06-11 06:45:07 +0700"
"designis working"
"2016-06-11 06:46:01 +0700"
"ukokkeiis working"
"2016-06-11 06:46:05 +0700"
"designis working"
"2016-06-11 06:47:02 +0700"
"ukokkeiis working"
"2016-06-11 06:47:07 +0700"
"designis working"
"2016-06-11 06:48:01 +0700"
"ukokkeiis working"
"2016-06-11 06:48:05 +0700"
"designis working"
"2016-06-11 06:49:01 +0700"
"ukokkeiis working"
"2016-06-11 06:49:08 +0700"
"designis working"
"2016-06-11 06:50:02 +0700"
"ukokkeiis working"
"2016-06-11 06:50:07 +0700"
"designis working"
"2016-06-11 06:51:01 +0700"
"ukokkeiis working"
"2016-06-11 06:51:07 +0700"
"designis working"
"2016-06-11 06:52:01 +0700"
"ukokkeiis working"
"2016-06-11 06:52:06 +0700"
"designis working"
"2016-06-11 06:53:01 +0700"
"ukokkeiis working"
"2016-06-11 06:53:05 +0700"
"designis working"
"2016-06-11 06:54:01 +0700"
"ukokkeiis working"
"2016-06-11 06:54:05 +0700"
"designis working"
"2016-06-11 06:55:01 +0700"
"ukokkeiis working"
"2016-06-11 06:55:05 +0700"
"designis working"
"2016-06-11 06:56:01 +0700"
"ukokkeiis working"
"2016-06-11 06:56:05 +0700"
"designis working"
"2016-06-11 06:57:02 +0700"
"ukokkeiis working"
"2016-06-11 06:57:06 +0700"
"designis working"
"2016-06-11 06:58:02 +0700"
"ukokkeiis working"
"2016-06-11 06:58:06 +0700"
"designis working"
"2016-06-11 06:59:02 +0700"
"ukokkeiis working"
"2016-06-11 06:59:07 +0700"
"designis working"
"2016-06-11 07:00:02 +0700"
"ukokkeiis working"
"2016-06-11 07:00:06 +0700"
"designis working"
"2016-06-11 07:01:02 +0700"
"ukokkeiis working"
"2016-06-11 07:01:05 +0700"
"designis working"
"2016-06-11 07:02:01 +0700"
"ukokkeiis working"
"2016-06-11 07:02:06 +0700"
"designis working"
"2016-06-11 07:03:01 +0700"
"ukokkeiis working"
"2016-06-11 07:03:05 +0700"
"designis working"
"2016-06-11 07:04:02 +0700"
"ukokkeiis working"
"2016-06-11 07:04:06 +0700"
"designis working"
"2016-06-11 07:05:01 +0700"
"ukokkeiis working"
"2016-06-11 07:05:05 +0700"
"designis working"
"2016-06-11 07:06:02 +0700"
"ukokkeiis working"
"2016-06-11 07:06:06 +0700"
"designis working"
"2016-06-11 07:07:01 +0700"
"ukokkeiis working"
"2016-06-11 07:07:06 +0700"
"designis working"
"2016-06-11 07:08:01 +0700"
"ukokkeiis working"
"2016-06-11 07:08:06 +0700"
"designis working"
"2016-06-11 07:09:02 +0700"
"ukokkeiis working"
"2016-06-11 07:09:06 +0700"
"designis working"
"2016-06-11 07:10:01 +0700"
"ukokkeiis working"
"2016-06-11 07:10:05 +0700"
"designis working"
"2016-06-11 07:11:02 +0700"
"ukokkeiis working"
"2016-06-11 07:11:07 +0700"
"designis working"
"2016-06-11 07:12:01 +0700"
"ukokkeiis working"
"2016-06-11 07:12:06 +0700"
"designis working"
"2016-06-11 07:13:01 +0700"
"ukokkeiis working"
"2016-06-11 07:13:05 +0700"
"designis working"
"2016-06-11 07:14:01 +0700"
"ukokkeiis working"
"2016-06-11 07:14:06 +0700"
"designis working"
"2016-06-11 07:15:01 +0700"
"ukokkeiis working"
"2016-06-11 07:15:05 +0700"
"designis working"
"2016-06-11 07:16:01 +0700"
"ukokkeiis working"
"2016-06-11 07:16:05 +0700"
"designis working"
"2016-06-11 07:17:01 +0700"
"ukokkeiis working"
"2016-06-11 07:17:06 +0700"
"designis working"
"2016-06-11 07:18:01 +0700"
"ukokkeiis working"
"2016-06-11 07:18:05 +0700"
"designis working"
"2016-06-11 07:19:01 +0700"
"ukokkeiis working"
"2016-06-11 07:19:04 +0700"
"designis working"
"2016-06-11 07:20:01 +0700"
"ukokkeiis working"
"2016-06-11 07:20:06 +0700"
"designis working"
"2016-06-11 07:21:01 +0700"
"ukokkeiis working"
"2016-06-11 07:21:05 +0700"
"designis working"
"2016-06-11 07:22:01 +0700"
"ukokkeiis working"
"2016-06-11 07:22:05 +0700"
"designis working"
"2016-06-11 09:21:01 +0700"
"ukokkeiis working"
"2016-06-11 09:21:08 +0700"
"designis working"
"2016-06-11 09:22:01 +0700"
"ukokkeiis working"
"2016-06-11 09:22:11 +0700"
"designis working"
"2016-06-11 09:23:01 +0700"
"ukokkeiis working"
"2016-06-11 09:23:06 +0700"
"designis working"
"2016-06-11 09:24:01 +0700"
"ukokkeiis working"
"2016-06-11 09:24:06 +0700"
"designis working"
"2016-06-11 09:25:01 +0700"
"ukokkeiis working"
"2016-06-11 09:25:06 +0700"
"designis working"
"2016-06-11 09:26:01 +0700"
"ukokkeiis working"
"2016-06-11 09:26:07 +0700"
"designis working"
"2016-06-11 09:27:01 +0700"
"ukokkeiis working"
"2016-06-11 09:27:07 +0700"
"designis working"
"2016-06-11 09:28:01 +0700"
"ukokkeiis working"
"2016-06-11 09:28:06 +0700"
"designis working"
"2016-06-11 09:29:01 +0700"
"ukokkeiis working"
"2016-06-11 09:29:06 +0700"
"designis working"
"2016-06-11 09:30:01 +0700"
"ukokkeiis working"
"2016-06-11 09:30:06 +0700"
"designis working"
"2016-06-11 09:31:01 +0700"
"ukokkeiis working"
"2016-06-11 09:31:06 +0700"
"designis working"
"2016-06-11 09:32:01 +0700"
"ukokkeiis working"
"2016-06-11 09:32:07 +0700"
"designis working"
"2016-06-11 09:33:01 +0700"
"ukokkeiis working"
"2016-06-11 09:33:06 +0700"
"designis working"
"2016-06-11 09:34:01 +0700"
"ukokkeiis working"
"2016-06-11 09:34:06 +0700"
"designis working"
"2016-06-11 09:35:01 +0700"
"ukokkeiis working"
"2016-06-11 09:35:05 +0700"
"designis working"
"2016-06-11 09:36:01 +0700"
"ukokkeiis working"
"2016-06-11 09:36:07 +0700"
"designis working"
"2016-06-11 09:37:01 +0700"
"ukokkeiis working"
"2016-06-11 09:37:07 +0700"
"designis working"
"2016-06-11 09:38:05 +0700"
"ukokkeiis working"
"2016-06-11 09:38:15 +0700"
"designis working"
"2016-06-11 09:39:04 +0700"
"ukokkeiis working"
"2016-06-11 09:39:11 +0700"
"designis working"
"2016-06-11 09:40:04 +0700"
"ukokkeiis working"
"2016-06-11 09:40:10 +0700"
"designis working"
"2016-06-11 09:41:04 +0700"
"ukokkeiis working"
"2016-06-11 09:41:10 +0700"
"designis working"
"2016-06-11 09:42:04 +0700"
"ukokkeiis working"
"2016-06-11 09:42:10 +0700"
"designis working"
"2016-06-11 09:43:04 +0700"
"ukokkeiis working"
"2016-06-11 09:43:23 +0700"
"designis working"
"2016-06-11 09:44:04 +0700"
"ukokkeiis working"
"2016-06-11 09:44:10 +0700"
"designis working"
"2016-06-11 09:45:03 +0700"
"ukokkeiis working"
"2016-06-11 09:45:10 +0700"
"designis working"
"2016-06-11 09:46:04 +0700"
"ukokkeiis working"
"2016-06-11 09:46:10 +0700"
"designis working"
"2016-06-11 09:47:04 +0700"
"ukokkeiis working"
"2016-06-11 09:47:10 +0700"
"designis working"
"2016-06-11 09:48:06 +0700"
"ukokkeiis working"
"2016-06-11 09:48:28 +0700"
"designis working"
"2016-06-11 09:49:07 +0700"
"ukokkeiis working"
"2016-06-11 09:49:28 +0700"
"designis working"
"2016-06-11 09:50:04 +0700"
"ukokkeiis working"
"2016-06-11 09:50:11 +0700"
"designis working"
"2016-06-11 09:51:04 +0700"
"ukokkeiis working"
"2016-06-11 09:51:10 +0700"
"designis working"
"2016-06-11 13:03:13 +0700"
"ukokkeiis working"
"2016-06-11 13:03:28 +0700"
"designis working"
#<Faraday::ConnectionFailed>
"2016-06-11 13:06:21 +0700"
"ukokkeiis working"
#<SocketError: getaddrinfo: nodename nor servname provided, or not known>
"2016-06-11 13:06:22 +0700"
"designis working"
#<SocketError: getaddrinfo: nodename nor servname provided, or not known>
"2016-06-11 13:07:01 +0700"
"ukokkeiis working"
"2016-06-11 13:07:07 +0700"
"designis working"
"2016-06-11 13:08:01 +0700"
"ukokkeiis working"
"2016-06-11 13:08:06 +0700"
"designis working"
"2016-06-11 13:09:01 +0700"
"ukokkeiis working"
"2016-06-11 13:09:06 +0700"
"designis working"
"2016-06-11 13:18:01 +0700"
"ukokkeiis working"
"2016-06-11 13:18:17 +0700"
"designis working"
